<?xml version="1.0" encoding="utf-8"?>
<!DOCTYPE coverage SYSTEM "http://cobertura.sourceforge.net/xml/coverage-04.dtd">
<coverage line-rate="0.9506726457399103" branch-rate="0.8409090909090909" lines-covered="212" lines-valid="223" branches-covered="37" branches-valid="44" complexity="83" version="0" timestamp="1653500194">
  <sources>
    <source>C:\Users\Waref\</source>
  </sources>
  <packages>
    <package name="ServiceLayer" line-rate="0.9038461538461539" branch-rate="0.8571428571428571" complexity="63">
      <classes>
        <class name="DataLayer.Services.FileReader" filename="C:\Users\Waref\Desktop\waref\ServiceLayer\Services\FileReader.cs" line-rate="0" branch-rate="1" complexity="1">
          <methods>
            <method name="ReadText" signature="(...)" line-rate="0" branch-rate="1" complexity="1">
              <lines>
                <line number="12" hits="0" branch="false" />
                <line number="15" hits="0" branch="false" />
                <line number="17" hits="0" branch="false" />
                <line number="19" hits="0" branch="false" />
              </lines>
            </method>
          </methods>
          <lines>
            <line number="12" hits="0" branch="false" />
            <line number="15" hits="0" branch="false" />
            <line number="17" hits="0" branch="false" />
            <line number="19" hits="0" branch="false" />
          </lines>
        </class>
        <class name="ServiceLayer.Abstracts.FormatValidatorWorkFlow" filename="C:\Users\Waref\Desktop\waref\ServiceLayer\Abstracts\FormatValidatorWorkFlow.cs" line-rate="1" branch-rate="1" complexity="1">
          <methods>
            <method name="SetSuccessor" signature="(...)" line-rate="1" branch-rate="1" complexity="1">
              <lines>
                <line number="10" hits="36" branch="false" />
                <line number="11" hits="36" branch="false" />
              </lines>
            </method>
          </methods>
          <lines>
            <line number="10" hits="36" branch="false" />
            <line number="11" hits="36" branch="false" />
          </lines>
        </class>
        <class name="ServiceLayer.Concretes.ContentUpdater" filename="C:\Users\Waref\Desktop\waref\ServiceLayer\Concretes\ContentUpdater.cs" line-rate="1" branch-rate="1" complexity="2">
          <methods>
            <method name="ProcessRequest" signature="(...)" line-rate="1" branch-rate="1" complexity="2">
              <lines>
                <line number="12" hits="7" branch="true" condition-coverage="100% (2/2)" />
                <line number="14" hits="48" branch="false" />
                <line number="15" hits="6" branch="false" />
                <line number="20" hits="1" branch="false" />
                <line number="21" hits="1" branch="false" />
                <line number="23" hits="1" branch="false" />
              </lines>
            </method>
          </methods>
          <lines>
            <line number="12" hits="7" branch="true" condition-coverage="100% (2/2)" />
            <line number="14" hits="48" branch="false" />
            <line number="15" hits="6" branch="false" />
            <line number="20" hits="1" branch="false" />
            <line number="21" hits="1" branch="false" />
            <line number="23" hits="1" branch="false" />
          </lines>
        </class>
        <class name="ServiceLayer.Concretes.LengthValidation" filename="C:\Users\Waref\Desktop\waref\ServiceLayer\Concretes\LengthValidation.cs" line-rate="1" branch-rate="0.8333333333333334" complexity="6">
          <methods>
            <method name="ProcessRequest" signature="(...)" line-rate="1" branch-rate="1" complexity="4">
              <lines>
                <line number="11" hits="9" branch="true" condition-coverage="100% (4/4)" />
                <line number="13" hits="6" branch="false" />
                <line number="14" hits="6" branch="false" />
                <line number="18" hits="3" branch="false" />
                <line number="19" hits="3" branch="false" />
                <line number="21" hits="3" branch="false" />
              </lines>
            </method>
            <method name="IsLenghValid" signature="(...)" line-rate="1" branch-rate="0.5" complexity="2">
              <lines>
                <line number="25" hits="9" branch="true" condition-coverage="50% (1/2)" />
              </lines>
            </method>
          </methods>
          <lines>
            <line number="11" hits="9" branch="true" condition-coverage="100% (4/4)" />
            <line number="13" hits="6" branch="false" />
            <line number="14" hits="6" branch="false" />
            <line number="18" hits="3" branch="false" />
            <line number="19" hits="3" branch="false" />
            <line number="21" hits="3" branch="false" />
            <line number="25" hits="9" branch="true" condition-coverage="50% (1/2)" />
          </lines>
        </class>
        <class name="ServiceLayer.Concretes.RequestValidation" filename="C:\Users\Waref\Desktop\waref\ServiceLayer\Concretes\RequestValidation.cs" line-rate="1" branch-rate="0.8333333333333334" complexity="7">
          <methods>
            <method name="ProcessRequest" signature="(...)" line-rate="1" branch-rate="1" complexity="4">
              <lines>
                <line number="11" hits="6" branch="true" condition-coverage="100% (4/4)" />
                <line number="13" hits="5" branch="false" />
                <line number="14" hits="5" branch="false" />
                <line number="18" hits="1" branch="false" />
                <line number="19" hits="1" branch="false" />
                <line number="21" hits="1" branch="false" />
              </lines>
            </method>
            <method name="CanCheckRequest" signature="(...)" line-rate="1" branch-rate="0.5" complexity="2">
              <lines>
                <line number="25" hits="6" branch="true" condition-coverage="50% (1/2)" />
              </lines>
            </method>
            <method name="IsRequestValid" signature="(...)" line-rate="1" branch-rate="1" complexity="1">
              <lines>
                <line number="30" hits="6" branch="false" />
              </lines>
            </method>
          </methods>
          <lines>
            <line number="11" hits="6" branch="true" condition-coverage="100% (4/4)" />
            <line number="13" hits="5" branch="false" />
            <line number="14" hits="5" branch="false" />
            <line number="18" hits="1" branch="false" />
            <line number="19" hits="1" branch="false" />
            <line number="21" hits="1" branch="false" />
            <line number="25" hits="6" branch="true" condition-coverage="50% (1/2)" />
            <line number="30" hits="6" branch="false" />
          </lines>
        </class>
        <class name="ServiceLayer.Concretes.RowsCountValidaotr" filename="C:\Users\Waref\Desktop\waref\ServiceLayer\Concretes\RowsCountValidaotr.cs" line-rate="1" branch-rate="0.9" complexity="11">
          <methods>
            <method name="ProcessRequest" signature="(...)" line-rate="1" branch-rate="1" complexity="4">
              <lines>
                <line number="11" hits="5" branch="true" condition-coverage="100% (4/4)" />
                <line number="13" hits="4" branch="false" />
                <line number="14" hits="4" branch="false" />
                <line number="18" hits="1" branch="false" />
                <line number="19" hits="1" branch="false" />
                <line number="21" hits="1" branch="false" />
              </lines>
            </method>
            <method name="CanCheckRowsCount" signature="(...)" line-rate="1" branch-rate="0.8333333333333334" complexity="6">
              <lines>
                <line number="25" hits="5" branch="false" />
                <line number="26" hits="5" branch="true" condition-coverage="100% (4/4)" />
                <line number="28" hits="4" branch="false" />
                <line number="29" hits="4" branch="true" condition-coverage="50% (1/2)" />
                <line number="31" hits="1" branch="false" />
              </lines>
            </method>
            <method name="IsRowCountValid" signature="(...)" line-rate="1" branch-rate="1" complexity="1">
              <lines>
                <line number="36" hits="4" branch="false" />
              </lines>
            </method>
          </methods>
          <lines>
            <line number="11" hits="5" branch="true" condition-coverage="100% (4/4)" />
            <line number="13" hits="4" branch="false" />
            <line number="14" hits="4" branch="false" />
            <line number="18" hits="1" branch="false" />
            <line number="19" hits="1" branch="false" />
            <line number="21" hits="1" branch="false" />
            <line number="25" hits="5" branch="false" />
            <line number="26" hits="5" branch="true" condition-coverage="100% (4/4)" />
            <line number="28" hits="4" branch="false" />
            <line number="29" hits="4" branch="true" condition-coverage="50% (1/2)" />
            <line number="31" hits="1" branch="false" />
            <line number="36" hits="4" branch="false" />
          </lines>
        </class>
        <class name="ServiceLayer.Concretes.RowsDataExchangeValidator" filename="C:\Users\Waref\Desktop\waref\ServiceLayer\Concretes\RowsDataExchangeValidator.cs" line-rate="1" branch-rate="0.8333333333333334" complexity="6">
          <methods>
            <method name="ProcessRequest" signature="(...)" line-rate="1" branch-rate="1" complexity="2">
              <lines>
                <line number="11" hits="4" branch="true" condition-coverage="100% (2/2)" />
                <line number="13" hits="3" branch="false" />
                <line number="17" hits="1" branch="false" />
                <line number="18" hits="1" branch="false" />
                <line number="20" hits="1" branch="false" />
              </lines>
            </method>
            <method name="CanCheckDataRows" signature="(...)" line-rate="1" branch-rate="0.5" complexity="2">
              <lines>
                <line number="24" hits="4" branch="true" condition-coverage="50% (1/2)" />
              </lines>
            </method>
            <method name="IsValidDataRows" signature="(...)" line-rate="1" branch-rate="1" complexity="2">
              <lines>
                <line number="29" hits="4" branch="false" />
                <line number="30" hits="4" branch="false" />
                <line number="31" hits="13" branch="true" condition-coverage="100% (2/2)" />
              </lines>
            </method>
          </methods>
          <lines>
            <line number="11" hits="4" branch="true" condition-coverage="100% (2/2)" />
            <line number="13" hits="3" branch="false" />
            <line number="17" hits="1" branch="false" />
            <line number="18" hits="1" branch="false" />
            <line number="20" hits="1" branch="false" />
            <line number="24" hits="4" branch="true" condition-coverage="50% (1/2)" />
            <line number="29" hits="4" branch="false" />
            <line number="30" hits="4" branch="false" />
            <line number="31" hits="13" branch="true" condition-coverage="100% (2/2)" />
          </lines>
        </class>
        <class name="ServiceLayer.Models.FileResponse" filename="C:\Users\Waref\Desktop\waref\ServiceLayer\Models\FileResponse.cs" line-rate="0.75" branch-rate="1" complexity="4">
          <methods>
            <method name="get_ErrorMessage" signature="()" line-rate="0" branch-rate="1" complexity="1">
              <lines>
                <line number="5" hits="0" branch="false" />
              </lines>
            </method>
            <method name="get_ExtractedText" signature="()" line-rate="1" branch-rate="1" complexity="1">
              <lines>
                <line number="6" hits="1" branch="false" />
              </lines>
            </method>
            <method name="get_IsSucceded" signature="()" line-rate="0" branch-rate="1" complexity="1">
              <lines>
                <line number="7" hits="0" branch="false" />
              </lines>
            </method>
            <method name=".ctor" signature="(...)" line-rate="1" branch-rate="1" complexity="1">
              <lines>
                <line number="8" hits="9" branch="false" />
                <line number="10" hits="9" branch="false" />
                <line number="11" hits="9" branch="false" />
                <line number="12" hits="9" branch="false" />
                <line number="13" hits="9" branch="false" />
              </lines>
            </method>
          </methods>
          <lines>
            <line number="5" hits="0" branch="false" />
            <line number="6" hits="1" branch="false" />
            <line number="7" hits="0" branch="false" />
            <line number="8" hits="9" branch="false" />
            <line number="10" hits="9" branch="false" />
            <line number="11" hits="9" branch="false" />
            <line number="12" hits="9" branch="false" />
            <line number="13" hits="9" branch="false" />
          </lines>
        </class>
        <class name="ServiceLayer.Models.FormatValidationToken" filename="C:\Users\Waref\Desktop\waref\ServiceLayer\Models\FormatValidationToken.cs" line-rate="1" branch-rate="1" complexity="6">
          <methods>
            <method name="get_IsValidForNextStep" signature="()" line-rate="1" branch-rate="1" complexity="1">
              <lines>
                <line number="6" hits="45" branch="false" />
              </lines>
            </method>
            <method name="get_IsValidated" signature="()" line-rate="1" branch-rate="1" complexity="1">
              <lines>
                <line number="7" hits="13" branch="false" />
              </lines>
            </method>
            <method name="get_ErrorMessage" signature="()" line-rate="1" branch-rate="1" complexity="1">
              <lines>
                <line number="8" hits="22" branch="false" />
              </lines>
            </method>
            <method name="get_Data" signature="()" line-rate="1" branch-rate="1" complexity="1">
              <lines>
                <line number="9" hits="47" branch="false" />
              </lines>
            </method>
            <method name="get_DataRowscount" signature="()" line-rate="1" branch-rate="1" complexity="1">
              <lines>
                <line number="10" hits="8" branch="false" />
              </lines>
            </method>
            <method name=".ctor" signature="(...)" line-rate="1" branch-rate="1" complexity="1">
              <lines>
                <line number="11" hits="9" branch="false" />
                <line number="13" hits="9" branch="false" />
                <line number="14" hits="9" branch="false" />
                <line number="15" hits="9" branch="false" />
              </lines>
            </method>
          </methods>
          <lines>
            <line number="6" hits="45" branch="false" />
            <line number="7" hits="13" branch="false" />
            <line number="8" hits="22" branch="false" />
            <line number="9" hits="47" branch="false" />
            <line number="10" hits="8" branch="false" />
            <line number="11" hits="9" branch="false" />
            <line number="13" hits="9" branch="false" />
            <line number="14" hits="9" branch="false" />
            <line number="15" hits="9" branch="false" />
          </lines>
        </class>
        <class name="ServiceLayer.Models.Response" filename="C:\Users\Waref\Desktop\waref\ServiceLayer\Models\Response.cs" line-rate="0" branch-rate="1" complexity="3">
          <methods>
            <method name="get_ExchangeResult" signature="()" line-rate="0" branch-rate="1" complexity="1">
              <lines>
                <line number="6" hits="0" branch="false" />
              </lines>
            </method>
            <method name="get_IsSucceded" signature="()" line-rate="0" branch-rate="1" complexity="1">
              <lines>
                <line number="7" hits="0" branch="false" />
              </lines>
            </method>
            <method name="get_ErrorMessages" signature="()" line-rate="0" branch-rate="1" complexity="1">
              <lines>
                <line number="8" hits="0" branch="false" />
              </lines>
            </method>
          </methods>
          <lines>
            <line number="6" hits="0" branch="false" />
            <line number="7" hits="0" branch="false" />
            <line number="8" hits="0" branch="false" />
          </lines>
        </class>
        <class name="ServiceLayer.Services.FilePathValidator" filename="C:\Users\Waref\Desktop\waref\ServiceLayer\Services\FilePathValidator.cs" line-rate="1" branch-rate="1" complexity="8">
          <methods>
            <method name="IsValidPath" signature="(...)" line-rate="1" branch-rate="1" complexity="6">
              <lines>
                <line number="10" hits="5" branch="true" condition-coverage="100% (6/6)" />
                <line number="11" hits="5" branch="false" />
                <line number="12" hits="3" branch="false" />
                <line number="13" hits="1" branch="false" />
                <line number="14" hits="1" branch="false" />
                <line number="15" hits="5" branch="false" />
              </lines>
            </method>
            <method name="IsValidFilePath" signature="(...)" line-rate="1" branch-rate="1" complexity="2">
              <lines>
                <line number="20" hits="3" branch="true" condition-coverage="100% (2/2)" />
              </lines>
            </method>
          </methods>
          <lines>
            <line number="10" hits="5" branch="true" condition-coverage="100% (6/6)" />
            <line number="11" hits="5" branch="false" />
            <line number="12" hits="3" branch="false" />
            <line number="13" hits="1" branch="false" />
            <line number="14" hits="1" branch="false" />
            <line number="15" hits="5" branch="false" />
            <line number="20" hits="3" branch="true" condition-coverage="100% (2/2)" />
          </lines>
        </class>
        <class name="ServiceLayer.Services.StringsFormatValidatorProcess" filename="C:\Users\Waref\Desktop\waref\ServiceLayer\Services\StringsFormatValidatorProcess.cs" line-rate="0.9285714285714286" branch-rate="1" complexity="3">
          <methods>
            <method name="get_FormatValidationToken" signature="()" line-rate="1" branch-rate="1" complexity="1">
              <lines>
                <line number="9" hits="37" branch="false" />
              </lines>
            </method>
            <method name="GetFormatValidationToken" signature="()" line-rate="0" branch-rate="1" complexity="1">
              <lines>
                <line number="13" hits="0" branch="false" />
              </lines>
            </method>
            <method name="IsValid" signature="(...)" line-rate="1" branch-rate="1" complexity="1">
              <lines>
                <line number="18" hits="9" branch="false" />
                <line number="21" hits="9" branch="false" />
                <line number="22" hits="9" branch="false" />
                <line number="23" hits="9" branch="false" />
                <line number="24" hits="9" branch="false" />
                <line number="25" hits="9" branch="false" />
                <line number="27" hits="9" branch="false" />
                <line number="28" hits="9" branch="false" />
                <line number="29" hits="9" branch="false" />
                <line number="30" hits="9" branch="false" />
                <line number="32" hits="9" branch="false" />
                <line number="34" hits="9" branch="false" />
              </lines>
            </method>
          </methods>
          <lines>
            <line number="9" hits="37" branch="false" />
            <line number="13" hits="0" branch="false" />
            <line number="18" hits="9" branch="false" />
            <line number="21" hits="9" branch="false" />
            <line number="22" hits="9" branch="false" />
            <line number="23" hits="9" branch="false" />
            <line number="24" hits="9" branch="false" />
            <line number="25" hits="9" branch="false" />
            <line number="27" hits="9" branch="false" />
            <line number="28" hits="9" branch="false" />
            <line number="29" hits="9" branch="false" />
            <line number="30" hits="9" branch="false" />
            <line number="32" hits="9" branch="false" />
            <line number="34" hits="9" branch="false" />
          </lines>
        </class>
        <class name="ServiceLayer.Statics.Static" filename="C:\Users\Waref\Desktop\waref\ServiceLayer\Statics\Static.cs" line-rate="1" branch-rate="1" complexity="1">
          <methods>
            <method name=".cctor" signature="()" line-rate="1" branch-rate="1" complexity="1">
              <lines>
                <line number="8" hits="1" branch="false" />
                <line number="9" hits="1" branch="false" />
                <line number="10" hits="1" branch="false" />
                <line number="11" hits="1" branch="false" />
                <line number="12" hits="1" branch="false" />
                <line number="13" hits="1" branch="false" />
                <line number="14" hits="1" branch="false" />
                <line number="15" hits="1" branch="false" />
                <line number="16" hits="1" branch="false" />
                <line number="17" hits="1" branch="false" />
                <line number="23" hits="1" branch="false" />
                <line number="24" hits="1" branch="false" />
              </lines>
            </method>
          </methods>
          <lines>
            <line number="8" hits="1" branch="false" />
            <line number="9" hits="1" branch="false" />
            <line number="10" hits="1" branch="false" />
            <line number="11" hits="1" branch="false" />
            <line number="12" hits="1" branch="false" />
            <line number="13" hits="1" branch="false" />
            <line number="14" hits="1" branch="false" />
            <line number="15" hits="1" branch="false" />
            <line number="16" hits="1" branch="false" />
            <line number="17" hits="1" branch="false" />
            <line number="23" hits="1" branch="false" />
            <line number="24" hits="1" branch="false" />
          </lines>
        </class>
        <class name="ServiceLayer.Statics.StringHelper" filename="C:\Users\Waref\Desktop\waref\ServiceLayer\Statics\StringHelper.cs" line-rate="1" branch-rate="0.5" complexity="4">
          <methods>
            <method name="IsRegexValid" signature="(...)" line-rate="1" branch-rate="0.5" complexity="4">
              <lines>
                <line number="10" hits="19" branch="true" condition-coverage="50% (2/4)" />
                <line number="11" hits="19" branch="false" />
                <line number="12" hits="19" branch="false" />
              </lines>
            </method>
          </methods>
          <lines>
            <line number="10" hits="19" branch="true" condition-coverage="50% (2/4)" />
            <line number="11" hits="19" branch="false" />
            <line number="12" hits="19" branch="false" />
          </lines>
        </class>
      </classes>
    </package>
    <package name="ServicesTests" line-rate="0.9915966386554622" branch-rate="0.5" complexity="20">
      <classes>
        <class name="AutoGeneratedProgram" filename="C:\Users\Waref\.nuget\packages\microsoft.net.test.sdk\16.11.0\build\netcoreapp2.1\Microsoft.NET.Test.Sdk.Program.cs" line-rate="0" branch-rate="1" complexity="1">
          <methods>
            <method name="Main" signature="(...)" line-rate="0" branch-rate="1" complexity="1">
              <lines>
                <line number="4" hits="0" branch="false" />
              </lines>
            </method>
          </methods>
          <lines>
            <line number="4" hits="0" branch="false" />
          </lines>
        </class>
        <class name="ServicesTests.FileValidatorTest" filename="C:\Users\Waref\Desktop\waref\ServicesTests\FileValidatorTest.cs" line-rate="1" branch-rate="0.5" complexity="8">
          <methods>
            <method name="IsValidNullContext" signature="()" line-rate="1" branch-rate="1" complexity="1">
              <lines>
                <line number="16" hits="1" branch="false" />
                <line number="17" hits="1" branch="false" />
                <line number="19" hits="1" branch="false" />
                <line number="21" hits="1" branch="false" />
                <line number="22" hits="1" branch="false" />
              </lines>
            </method>
            <method name="IsValidOtherContext" signature="()" line-rate="1" branch-rate="1" complexity="1">
              <lines>
                <line number="28" hits="1" branch="false" />
                <line number="30" hits="1" branch="false" />
                <line number="32" hits="1" branch="false" />
                <line number="33" hits="1" branch="false" />
              </lines>
            </method>
            <method name="IsValidEmptyPathFileContext" signature="()" line-rate="1" branch-rate="1" complexity="1">
              <lines>
                <line number="39" hits="1" branch="false" />
                <line number="41" hits="1" branch="false" />
                <line number="43" hits="1" branch="false" />
                <line number="44" hits="1" branch="false" />
              </lines>
            </method>
            <method name="IsValidGoodPathFileContext" signature="()" line-rate="1" branch-rate="1" complexity="1">
              <lines>
                <line number="50" hits="1" branch="false" />
                <line number="52" hits="1" branch="false" />
                <line number="54" hits="1" branch="false" />
                <line number="55" hits="1" branch="false" />
              </lines>
            </method>
            <method name="IsValidWrongPathFileContext" signature="()" line-rate="1" branch-rate="1" complexity="1">
              <lines>
                <line number="62" hits="1" branch="false" />
                <line number="64" hits="1" branch="false" />
                <line number="66" hits="1" branch="false" />
                <line number="67" hits="1" branch="false" />
              </lines>
            </method>
            <method name="GetProjectFileDirecotry" signature="()" line-rate="1" branch-rate="0.5" complexity="2">
              <lines>
                <line number="72" hits="1" branch="true" condition-coverage="50% (1/2)" />
              </lines>
            </method>
            <method name=".ctor" signature="()" line-rate="1" branch-rate="1" complexity="1">
              <lines>
                <line number="10" hits="1" branch="false" />
              </lines>
            </method>
          </methods>
          <lines>
            <line number="10" hits="1" branch="false" />
            <line number="16" hits="1" branch="false" />
            <line number="17" hits="1" branch="false" />
            <line number="19" hits="1" branch="false" />
            <line number="21" hits="1" branch="false" />
            <line number="22" hits="1" branch="false" />
            <line number="28" hits="1" branch="false" />
            <line number="30" hits="1" branch="false" />
            <line number="32" hits="1" branch="false" />
            <line number="33" hits="1" branch="false" />
            <line number="39" hits="1" branch="false" />
            <line number="41" hits="1" branch="false" />
            <line number="43" hits="1" branch="false" />
            <line number="44" hits="1" branch="false" />
            <line number="50" hits="1" branch="false" />
            <line number="52" hits="1" branch="false" />
            <line number="54" hits="1" branch="false" />
            <line number="55" hits="1" branch="false" />
            <line number="62" hits="1" branch="false" />
            <line number="64" hits="1" branch="false" />
            <line number="66" hits="1" branch="false" />
            <line number="67" hits="1" branch="false" />
            <line number="72" hits="1" branch="true" condition-coverage="50% (1/2)" />
          </lines>
        </class>
        <class name="ServicesTests.StringsFormatValidatorTest" filename="C:\Users\Waref\Desktop\waref\ServicesTests\StringsFormatValidatorTest.cs" line-rate="1" branch-rate="1" complexity="11">
          <methods>
            <method name="SetUp" signature="()" line-rate="1" branch-rate="1" complexity="1">
              <lines>
                <line number="27" hits="9" branch="false" />
                <line number="28" hits="9" branch="false" />
                <line number="29" hits="9" branch="false" />
              </lines>
            </method>
            <method name="IsValidStringFormatEmptyRequest" signature="()" line-rate="1" branch-rate="1" complexity="1">
              <lines>
                <line number="37" hits="1" branch="false" />
                <line number="38" hits="1" branch="false" />
                <line number="41" hits="1" branch="false" />
                <line number="44" hits="1" branch="false" />
                <line number="45" hits="1" branch="false" />
                <line number="46" hits="1" branch="false" />
              </lines>
            </method>
            <method name="IsValidStringFormatWrongLENGHT" signature="()" line-rate="1" branch-rate="1" complexity="1">
              <lines>
                <line number="52" hits="1" branch="false" />
                <line number="53" hits="1" branch="false" />
                <line number="54" hits="1" branch="false" />
                <line number="55" hits="1" branch="false" />
                <line number="56" hits="1" branch="false" />
                <line number="59" hits="1" branch="false" />
                <line number="62" hits="1" branch="false" />
                <line number="63" hits="1" branch="false" />
                <line number="64" hits="1" branch="false" />
              </lines>
            </method>
            <method name="IsValidStringFormatWrongRequest" signature="()" line-rate="1" branch-rate="1" complexity="1">
              <lines>
                <line number="70" hits="1" branch="false" />
                <line number="71" hits="1" branch="false" />
                <line number="72" hits="1" branch="false" />
                <line number="73" hits="1" branch="false" />
                <line number="74" hits="1" branch="false" />
                <line number="75" hits="1" branch="false" />
                <line number="76" hits="1" branch="false" />
                <line number="77" hits="1" branch="false" />
                <line number="78" hits="1" branch="false" />
                <line number="81" hits="1" branch="false" />
                <line number="84" hits="1" branch="false" />
                <line number="85" hits="1" branch="false" />
                <line number="86" hits="1" branch="false" />
              </lines>
            </method>
            <method name="IsValidStringFormatNoCount" signature="()" line-rate="1" branch-rate="1" complexity="1">
              <lines>
                <line number="92" hits="1" branch="false" />
                <line number="93" hits="1" branch="false" />
                <line number="94" hits="1" branch="false" />
                <line number="95" hits="1" branch="false" />
                <line number="96" hits="1" branch="false" />
                <line number="97" hits="1" branch="false" />
                <line number="98" hits="1" branch="false" />
                <line number="99" hits="1" branch="false" />
                <line number="102" hits="1" branch="false" />
                <line number="105" hits="1" branch="false" />
                <line number="106" hits="1" branch="false" />
                <line number="107" hits="1" branch="false" />
              </lines>
            </method>
            <method name="IsValidStringFormatWrongCount" signature="()" line-rate="1" branch-rate="1" complexity="1">
              <lines>
                <line number="114" hits="1" branch="false" />
                <line number="115" hits="1" branch="false" />
                <line number="116" hits="1" branch="false" />
                <line number="117" hits="1" branch="false" />
                <line number="118" hits="1" branch="false" />
                <line number="119" hits="1" branch="false" />
                <line number="120" hits="1" branch="false" />
                <line number="121" hits="1" branch="false" />
                <line number="122" hits="1" branch="false" />
                <line number="125" hits="1" branch="false" />
                <line number="128" hits="1" branch="false" />
                <line number="129" hits="1" branch="false" />
                <line number="130" hits="1" branch="false" />
              </lines>
            </method>
            <method name="IsValidLowerCaseStringFormatTrue" signature="()" line-rate="1" branch-rate="1" complexity="1">
              <lines>
                <line number="136" hits="1" branch="false" />
                <line number="137" hits="1" branch="false" />
                <line number="138" hits="1" branch="false" />
                <line number="139" hits="1" branch="false" />
                <line number="140" hits="1" branch="false" />
                <line number="141" hits="1" branch="false" />
                <line number="142" hits="1" branch="false" />
                <line number="143" hits="1" branch="false" />
                <line number="145" hits="1" branch="false" />
                <line number="147" hits="1" branch="false" />
                <line number="150" hits="1" branch="false" />
                <line number="151" hits="1" branch="false" />
                <line number="152" hits="1" branch="false" />
              </lines>
            </method>
            <method name="IsValidStringFormatTrue" signature="()" line-rate="1" branch-rate="1" complexity="1">
              <lines>
                <line number="159" hits="1" branch="false" />
                <line number="161" hits="1" branch="false" />
                <line number="164" hits="1" branch="false" />
                <line number="165" hits="1" branch="false" />
              </lines>
            </method>
            <method name="IsValidFileReaderFormatTrue" signature="()" line-rate="1" branch-rate="1" complexity="1">
              <lines>
                <line number="171" hits="1" branch="false" />
                <line number="172" hits="1" branch="false" />
                <line number="174" hits="1" branch="false" />
                <line number="177" hits="1" branch="false" />
                <line number="178" hits="1" branch="false" />
                <line number="179" hits="1" branch="false" />
              </lines>
            </method>
            <method name="IsValidNoSuccessorContentUpdater" signature="()" line-rate="1" branch-rate="1" complexity="1">
              <lines>
                <line number="185" hits="1" branch="false" />
                <line number="186" hits="1" branch="false" />
                <line number="187" hits="1" branch="false" />
                <line number="188" hits="1" branch="false" />
                <line number="191" hits="1" branch="false" />
                <line number="192" hits="1" branch="false" />
                <line number="193" hits="1" branch="false" />
                <line number="194" hits="1" branch="false" />
              </lines>
            </method>
            <method name=".ctor" signature="()" line-rate="1" branch-rate="1" complexity="1">
              <lines>
                <line number="15" hits="1" branch="false" />
                <line number="16" hits="1" branch="false" />
                <line number="17" hits="1" branch="false" />
                <line number="18" hits="1" branch="false" />
                <line number="19" hits="1" branch="false" />
                <line number="20" hits="1" branch="false" />
                <line number="21" hits="1" branch="false" />
                <line number="22" hits="1" branch="false" />
              </lines>
            </method>
          </methods>
          <lines>
            <line number="15" hits="1" branch="false" />
            <line number="16" hits="1" branch="false" />
            <line number="17" hits="1" branch="false" />
            <line number="18" hits="1" branch="false" />
            <line number="19" hits="1" branch="false" />
            <line number="20" hits="1" branch="false" />
            <line number="21" hits="1" branch="false" />
            <line number="22" hits="1" branch="false" />
            <line number="27" hits="9" branch="false" />
            <line number="28" hits="9" branch="false" />
            <line number="29" hits="9" branch="false" />
            <line number="37" hits="1" branch="false" />
            <line number="38" hits="1" branch="false" />
            <line number="41" hits="1" branch="false" />
            <line number="44" hits="1" branch="false" />
            <line number="45" hits="1" branch="false" />
            <line number="46" hits="1" branch="false" />
            <line number="52" hits="1" branch="false" />
            <line number="53" hits="1" branch="false" />
            <line number="54" hits="1" branch="false" />
            <line number="55" hits="1" branch="false" />
            <line number="56" hits="1" branch="false" />
            <line number="59" hits="1" branch="false" />
            <line number="62" hits="1" branch="false" />
            <line number="63" hits="1" branch="false" />
            <line number="64" hits="1" branch="false" />
            <line number="70" hits="1" branch="false" />
            <line number="71" hits="1" branch="false" />
            <line number="72" hits="1" branch="false" />
            <line number="73" hits="1" branch="false" />
            <line number="74" hits="1" branch="false" />
            <line number="75" hits="1" branch="false" />
            <line number="76" hits="1" branch="false" />
            <line number="77" hits="1" branch="false" />
            <line number="78" hits="1" branch="false" />
            <line number="81" hits="1" branch="false" />
            <line number="84" hits="1" branch="false" />
            <line number="85" hits="1" branch="false" />
            <line number="86" hits="1" branch="false" />
            <line number="92" hits="1" branch="false" />
            <line number="93" hits="1" branch="false" />
            <line number="94" hits="1" branch="false" />
            <line number="95" hits="1" branch="false" />
            <line number="96" hits="1" branch="false" />
            <line number="97" hits="1" branch="false" />
            <line number="98" hits="1" branch="false" />
            <line number="99" hits="1" branch="false" />
            <line number="102" hits="1" branch="false" />
            <line number="105" hits="1" branch="false" />
            <line number="106" hits="1" branch="false" />
            <line number="107" hits="1" branch="false" />
            <line number="114" hits="1" branch="false" />
            <line number="115" hits="1" branch="false" />
            <line number="116" hits="1" branch="false" />
            <line number="117" hits="1" branch="false" />
            <line number="118" hits="1" branch="false" />
            <line number="119" hits="1" branch="false" />
            <line number="120" hits="1" branch="false" />
            <line number="121" hits="1" branch="false" />
            <line number="122" hits="1" branch="false" />
            <line number="125" hits="1" branch="false" />
            <line number="128" hits="1" branch="false" />
            <line number="129" hits="1" branch="false" />
            <line number="130" hits="1" branch="false" />
            <line number="136" hits="1" branch="false" />
            <line number="137" hits="1" branch="false" />
            <line number="138" hits="1" branch="false" />
            <line number="139" hits="1" branch="false" />
            <line number="140" hits="1" branch="false" />
            <line number="141" hits="1" branch="false" />
            <line number="142" hits="1" branch="false" />
            <line number="143" hits="1" branch="false" />
            <line number="145" hits="1" branch="false" />
            <line number="147" hits="1" branch="false" />
            <line number="150" hits="1" branch="false" />
            <line number="151" hits="1" branch="false" />
            <line number="152" hits="1" branch="false" />
            <line number="159" hits="1" branch="false" />
            <line number="161" hits="1" branch="false" />
            <line number="164" hits="1" branch="false" />
            <line number="165" hits="1" branch="false" />
            <line number="171" hits="1" branch="false" />
            <line number="172" hits="1" branch="false" />
            <line number="174" hits="1" branch="false" />
            <line number="177" hits="1" branch="false" />
            <line number="178" hits="1" branch="false" />
            <line number="179" hits="1" branch="false" />
            <line number="185" hits="1" branch="false" />
            <line number="186" hits="1" branch="false" />
            <line number="187" hits="1" branch="false" />
            <line number="188" hits="1" branch="false" />
            <line number="191" hits="1" branch="false" />
            <line number="192" hits="1" branch="false" />
            <line number="193" hits="1" branch="false" />
            <line number="194" hits="1" branch="false" />
          </lines>
        </class>
      </classes>
    </package>
  </packages>
</coverage>